0-800@turismo.gov.ar
escuelaint@gmail.com
escuelaint@gmail.com
13th_revolution@live.com
13th_revolution@live.com.ar
29_parasilvia15@yahoo.com.ar
3513668889@sms.movistar.net.ar
EgredadosENO@umaza.edu.ar
EgresadosEDU@umaza.edu.ar
EgresadosFYB@umaza.edu.ar
29_parasilvia15@yahoo.com.ar
3513668889@sms.movistar.net.ar
BGleonardo@hotmail.com
CARLA_GEN@hotmail.com
EgredadosENO@umaza.edu.ar
EgresadosEDU@umaza.edu.ar
EgresadosFYB@umaza.edu.ar
EgresadosING@umaza.edu.ar
EgresadosKIN@umaza.edu.ar
EgresadosNUT@umaza.edu.ar
EgresadosPER@umaza.edu.ar
EgresadosVET@umaza.edu.ar
Jsc4035@latinos.com.ar
Licenciado.OCAMPO@gmail.com
Lorenasosa_l@yahoo.com.ar
OtarKebadze@hotmail.com
RCabezas@umaza.edu.ar
a4digitalmza@hotmail.com
a@yahoo.com.ar
a_maria7@hotmail.com
a_sergioadrian@hotmail.com
aalbertini@arlink.net.ar
aalm6@hotmail.com
aalonso@donapaula.com.ar
aaluceroerca@hotmail.com
aamitrano@familiazuccardi.com
abacafederico@yahoo.com.ar
abcaridad@hotmail.com
abdala@lacaja.com.ar
abril_2286@hotmail.com
abrilgi@hotmail.com
abrillucas@hotmail.com
acardenas@diariouno.net.ar
acaro_81@yahoo.com.ar
acaroriveros@hotmail.com
acaso@uncu.edu.ar
aconcagua@rudyparra.com
aconcaguahotel@infovia.com.ar
acosta.meugenia@gmail.com
acosta_marce@hotmail.com
acostadela@hotmail.com
acostadf@hotmail.com
acqdn@yahoo.com
acqualive@yahoo.com.ar
acuccia@chandon.com.ar
adamovideo@infovia.com.ar
adan_sanchez@hotmail.com
admin@hcrillon.com.ar
administracion@francescoristorante.com.ar
administracion@mazules.com.ar
administracion@turismovilav.com.ar
admpanaderia@gmail.com
adosvoces@tn24hs.com.ar
adrian.89@hotmail.com
adrian1791@live.com.ar
adrian_quiroga21@hotmail.com
adrian_sgro@artear.com.ar
adriana_delolmo@yahoo.com.ar
adrianadaniele@hotmail.com
adrianadanielle@hotmail.com
adrianadelamota@videsyvinos.com
adrianafabiancic@latinmail.com
adrianagati_71@hotmail.com
adrianaisenosiain@hotmail.com
adrianamas@yahoo.com.ar
adrianaquintana_nqn@hotmail.com
adrianasolh@hotmail.com
adriandominguez@intouchdigital.net
adrianflores52@hotmail.com
adriangiunta@yahoo.com.ar
adrianitico@hotmail.com
adrianmut@hotmail.com
adrianquiroga_4@hotmail.com
adrianrodriguez_257@argentina.com.ar
adriansuter69@hotmail.com
adriansuter80@yahoo.com.ar
adricarmon@hotmail.com
adriclauriva@hotmail.com
adrideburgos@hotmail.com
adridurato_111@yahoo.com.ar
adrimax255@hotmail.com
adrimza79@hotmail.com
adrudaniele@yahoo.com.ar
adry2905@hotmail.com
aegcoco@hotmail.com
aero_jorge@hotmail.com
afernando90@live.com.ar
afmp77@hotmail.com
ag_oso@hotmail.com
agarciabuttini@yahoo.com.ar
agata@infovia.com.ar
agatha3180@live.com
agbn19@hotmail.com
agcoello@infovia.com.ar
agenciamaui@yahoo.com.ar
aggarese@argencard.com.ar
agimenez@diariouno.net.ar
agneni_abogados@argentina.com
agoal14@hotmail.com
agomez@vinasar.com
agonzalezmarotta@yahoo.com.ar
agos888@hotmail.com
agosmza@hotmail.com
agosrobert@gmail.com
agoss_mza7@hotmail.com
agr.mendoza@gendarmeria.gov.ar
agrillo@rotamund.com
agrimaximiliano@hotmail.com
agrolatinasrl@nysnet.com.ar
agssilvestre@hotmail.com
agu_luque@hotmail.com
aguado@impsa.com.ar
aguantematu@hotmail.com
aguanteriverytuhermana@hotmail.com
aguero@hotmail.com
aguerre@hotmail.com
aguilar_laura_14@hotmail.com
aguileranestor@yahoo.com.ar
agus_eltombino@hotmail.com
agus_fiadi@hotmail.com
agus_lambrese@hotmail.com
agusartigas@hotmail.com
agusdorto@hotmail.com
agushbasso@hotmail.com
aguss_mzaa@hotmail.com
agustin22@hotmail.com
agustinamar_8@hotmail.com
agustinapokrajac@hotmail.com
agustinavela@hotmail.com
agustinchi@hotmail.com
agustinchinchilla@hotmail.com
agustinfpiccione@hotmail.com
agustinitita@hotmail.com
agustinlemir@gmail.com
agustyna03@hotmail.com
agusuarez87@hotmail.com
ahciareiner@speedy.com.ar
aicha_sgri@hotmail.com
aierhcuyo@infovia.com.ar
ailin.rosas@gmail.com
ailin_mza09@hotmail.com
aillantuvyt@infovia.com.ar
airoldia@gmail.com
aisha_a_huri@hotmail.com
aishy_limon@hotmail.com
akikoko32@yahoo.com.ar
alanf.zeni_87@hotmail.com
alanfzeni_87@hotmail.com
alas@cpsarg.com
alasdoce@canal7mendoza.com.ar
alberdihotelmendoza@hotmail.com
albertogasparini@yahoo.com.ar
albertogimenez66@hotmail.com
albertoianardi@yahoo.com.ar
albertouboldi@hotmail.com
aldy_ricotera@hotmail.com
ale_carp25@hotmail.com
ale_culona@hotmail.com
ale_iannizzotto@yahoo.com.ar
ale_neila@hotmail.com
ale_rp_05@hotmail.com
alealtavilla12@yahoo.com.ar
alean1@live.com.ar
alebarbero2002@yahoo.es
alebarili1@hotmail.com
alebeatrizlocastro@yahoo.com.ar
aleclaret@hotmail.com
alecofone@yahoo.com.ar
alecos@ciudad.com.ar
alecos@cuyonoticias.com.ar
alefassanelli@hotmail.com
alefitopaez@gmail.com
alegbumg@gmail.com
alegretebonita@yahoo.com
aleja_padilla@yahoo.com.ar
alejan2c123@hotmail.com
alejandra_ceron@hotmail.com
alejandra_robello@yahoo.com.ar
alejandraarrigo@hotmail.com
alejandragiunta@arlinkbbt.com.ar
alejandrasimoncini@gmail.com
alejandro-garcia@speedy.com.ar
alejandro3300@hotmail.com
alejandro_gomez007@hotmail.com
alejandro_nic12@hotmail.com
alejandrogironde@hotmail.com
alejandrosoukani@hotmail.com
alejferro@hotmail.com
alejneb@hotmail.com
alejo@mendoza.gov.ar
alejo_simon@hotmail.com
alejomakale@hotmail.com
alemaidana2000@yahoo.com.ar
alemanuel23@yahoo.com.ar
alemanzo@yahoo.com
alenaine@yahoo.com.ar
ales-14@hotmail.com
alesalgado21@hotmail.com
alesantos17@hotmail.com
alesat2@hotmail.com
alesibilla_04@hotmail.com
alesuane73@hotmail.com
alex_chizo@hotmail.com
alexcarlos_83@hotmail.com
alexisleiva_1@hotmail.com
alexisreyes6@msn.com
alexortubia@yahoo.com.ar
alfanoadriana@hotmail.com
alfi_alo88@hotmail.com
alfoniglesias@hotmail.com
alfre_centro@hotmail.com
alfrescolar@hotmail.com
algobonito_1985@yahoo.com.ar
ali.ros.arg@hotmail.com
alicia@atueltravel.com.ar
alicia_cordoba10@hotmail.com
aliciaca94@hotmail.com
aliciacarnero@hotmail.com
aliciapaci@m.s.n.com
aliciapaci@msn.com
aliciapatti@yahoo.com.ar
aliciar25@hotmail.com
aliciareiner@speedy.com.ar
aliezcurdia@hotmail.com
alihuenaventura@yahoo.com.ar
alimartedi@hotmail.com
aliotta@hotmail.com
alirov_88@hotmail.com
alisat777@hotmail.com
alisil2006@yahoo.com.ar
allanos@jus.mendoza.gov.ar
allapanasiti@speedy.com.ar
almartin_1@hotmail.com
alolili5@hotmail.com
alpanelo@yahoo.com.ar
altavista@altavistawines.com
alternatura@tutopia.com
alucard-mascarade@hotmail.com
aluchi7@yahoo.com.ar
aluna@slatinos.com.ar
alvaritochichan36@hotmail.com
alvy39@hotmail.com
alvyta@yahoo.com.ar
alybalma@hotmail.com
am810@espectador.com.uy
amadionati@hotmail.com
amadofe@yahoo.com.ar
amalia39ar@yahoo.com.ar
amalia_biscaro@yahoo.com.ar
amalitis@hotmail.com
amalymaya100@hotmail.com
amancayfv@yahoo.com.ar
amaya.ronny@gmail.com
ambar_05_85@hotmail.com
ambushcar@hotmail.com
ameguevara@hotmail.com
amerin@chandon.com.ar
amirak38@yahoo.com
amiruli@hotmail.com
amllanes@yahoo.com.ar
amorales@gmail.com
ampi666@hotmail.com
ampi_sol@hotmail.com
ams379@hotmail.com
amsrturismo@speedy.com.ar
ana_clau17@hotmail.com
ana_laura_sz@hotmail.com
ana_paula_giorgio@hotmail.com
anabastias_@hotmail.com
anabel_ara@hotmail.com
anabel_lima@hotmail.com
anabelcoste@yahoo.com.ar
anabelen026@yahoo.com.ar
anabelirene2@hotmail.com
anabelorlando@hotmail.com
anabriones@hotmail.com
anabrujita15@hotmail.com
anace_resa@hotmail.com
anacorcuera@hotmail.com
anacoulon2422@hotmail.com
anaebartolini@yahoo.com.ar
anael_40@hotmail.com
anafarruggia@yahoo.com.ar
anafflores@hotmail.com
anafournery@hotmail.com
anahi_eminem@hotmail.com
anahi_eqia@hotmail.com
anahi_mas@hotmail.com
anahidris@hotmail.com
anahimas@yahoo.com.ar
anainesochoa@yahoo.com.ar
anajuanes@hotmail.com
analau94@hotmail.com
analaura_89_80@hotmail.com
analauracastell@hotmail.com
analeiva@hotmail.com
analia.carmona@sheraton.com
analia.morales66@gmail.com
analia2005_82@hotmail.com
analia@gmail.com
analia_cristina4@yahoo.com.ar
analiaclemente@gmail.com
analistorres@hotmail.com
anamabriones@hotmail.com
anamameli@yahoo.com.ar
anamarinam@hotmail.com
anamb_bonilla@hotmail.com
anamuru_17@hotmail.com
ananeme@infovia.com.ar
anapaez23@gmail.com
anapasciucco@yahoo.com.ar
anapaulagutierrez@hotmail.com
anapineiro33@hotmail.com
anaquibar@hotmail.com
anarusticcini@hotmail.com
anasotoaravena@gmail.com
anatashatl@hotmail.com
anatroncoso@hotmail.com
anavarria@losandes.com.ar
anddy110@hotmail.com
andesgrapes@andesgrapes.com
andessafa@slatinos.com.ar
andi_bomboncito@hotmail.com
andre06_89@hotmail.com
andre08@hotmail.es
andre_spagna@yahoo.com.ar
andrea241276@yahoo.com.ar
andrea37@hotmail.com
andrea37_@homail.com
andrea_200seis@hotmail.com
andrea_arriagada@hotmail.com
andrea_sweet20@hotmail.com
andreaantoniow@gmail.com
andreacatalano@yahoo.com.ar
andreadolcemascolo@hotmail.com
andreagiordano@live.com
andreahauscarriague@hotmail.es
andrealuengo@hotmail.com
andreamarco@arnet.com.ar
andreamarisaduranti@hotmail.com
andreammoya@hotmail.com
andreamza25@hotmail.com
andreapinto16@yahoo.com.ar
andreasanchez35@hotmail.com
andreascrimaglia@hotmail.com
andreavaldez2@hotmail.com
andreavaldez2@hotmil.com
andreavedia@gmail.com
andreaviguet@yahoo.com.ar
andreazapico@hotmail.com
andreb_@hotmail.com
andrebrondo@yahoo.com.ar
andreif2003@hotmail.com
andreladiosa_18@hotmail.com
andrerif2003@hotmail.com
andres.bernal@uv.cl
andres.sute@yahoo.com.ar
andres@equitur.com.ar
andres@giganet.com.ar
andres_03_9@hotmail.com
andres_309@hotmail.com
andres_cabezas@yahoo.com.ar
andresariasf@yahoo.com.ar
andresarroyat@yahoo.com.ar
andresciotti@hotmail.com
andreselpiojoso_87@hotmail.com
andresgonzalez@inversorasuma.com
andresmilone@yahoo.com.ar
andrespaglialunga@hotmail.com
andressaenz@msn.com
andressimon2003@yahoo.com.ar
andresvoloschin@gmail.com
andrewnet2003@hotmail.com
andy_lm55@hotmail.com
andy_pelli@hotmail.com
andyesc@hotmail.com
andyev80@hotmail.com
andyjudy_07@hotmail.com
andyledda@hotmail.com
andypintitas@hotmail.com
andytangredi@hotmail.com
anetestino@gmail.com
anflopy27@hotmail.com
ang_her_17@hotmail.com
ange_pongi@hotmail.com
angel3362@hotmail.com
angel_elunico_1@hotmail.com
angel_morokia@hotmail.com
angelesb3@hotmail.com
angeleslaborda@yahoo.com.ar
angelesp22@hotmail.com
angelicaceres@yahoo.com.ar
angelitacaida_77@hotmail.com
angelvporta@hotmail.com
angi_lardet@hotmail.com
angy_flo@hotmail.com
angy_pagura@hotmail.com
ani_sosa25@hotmail.com
anibalceledon@yahoo.com.ar
aniborrell@yahoo.com
animor29@hotmail.com
anita_048@hotmail.com
anita_caraballo@hotmail.com
anita_flacapaula@hotmail.com
anitamarilyn@hotmail.com
anitaquesada8@hotmail.com
anitavir@hotmail.com
anituvi87@hotmail.com
aniverito_manuel@hotmail.com
anixfile@hotmail.com
annimariah@yahoo.com
annyminat_16@hotmail.com
anselmosegatore@gmail.com
anses444@hotmail.com
antish_47@hotmail.com
antito_2035@hotmail.com
anto.morici@gmail.com
anto.mza@hotmail.com
anto_91_28@hotmail.com
anto_lamejor88@hotmail.com
antocuchicuchi21@hotmail.com
antodall_28@hotmail.com
antofarias_22@hotmail.com
antog37@hotmail.com
antog_mz@hotmail.com
antogirolimini@yahoo.com.ar
antognini@gastmail.gm
antoli_bs@hotmail.com
antonella@gmail.com
antonella_micieli@hotmail.com
antonellita_ros@hotmail.com
antonioba@yahoo.com
antoniomannino07@yahoo.com.ar
antoniomir@aconcaguatmir.com.ar
antosoldati@hotmail.com
antu_2004@hotmail.com
antuaventura@hotmail.com
anuarherrera@yahoo.com.ar
anuarsat1@hotmail.com
anuarsat@hotmail.com
anuchi_blue@hotmail.com
any_gen51@yahoo.com.ar
anycheff2@hotmail.com
anydoncel@hotmail.com
anygym@hotmail.com
anys_1722@hotmail.com
aortega@losandes.com.ar
apache_boli@hotmail.com
apadilla@unsl.edu.ar
apalfieri@yahoo.com
apapachoresto@hotmail.com
aparise@bristolgroup.com.ar
apellegrino@mendoza.gov.ar
aperez@gmail.com
apesce@mendoza.gov.ar
app_2000@hotmail.com
apsolares@tutopia.com
aquarela_007@hotmail.com
aquianan@yahoo.com.ar
aquiroga@gmail.com
aquiromy@hotmail.com
ar4049@yahoo.com.ar
ar_aguero@hotmail.com
aracalata_27@hotmail.com
arajor@yahoo.com.ar
arandacapello@forumempresario.com
arayor@yahoo.com.ar
arcbenacot@yahoo.com
arce@hotmail.com
arcmetalex23@hotmail.com
ardelamota@nysnet.com.ar
areasocial_luis@yahoo.com.ar
areauca@lanet.com.ar
arenamiguel@hotmail.com
argentime@argentime.com
ariancatupecu2@hotmail.com
arias@hotmail.com
ariasdapra2@hotmail.com
ariel@hostalconfluencia.com.ar
ariel_llull@yahoo.com.ar
arielcdi@hotmail.com
arieloco_22@hotmail.com
arielpersia@supernet.com.ar
aries_agus@hotmail.com
arito_012@hotmail.com
arleand2002@yahoo.com.ar
armacia1946@hotmail.com
armandomarlia_e.s.e_27890@hotmail.com
armaslup@yahoo.com
armin_petaca@hotmail.com
armonia-27@hotmail.com
arnoldbock@hotmail.com
aroccasalvo@yahoo.com.ar
arodriguez@gmail.com
arojas@gmail.com
aromboli@gmail.com
arouyere@gmail.com
arqjgallegos@yahoo.com.ar
arqmmn@yahoo.com.ar
arqpatriciasanchez@hotmail.com
arqraulamprimo@hotmail.com
arquitectoherrera@yahoo.com.ar
arquitectoserio@gmail.com
arrivjm@yahoo.com.ar
arroyohondo@infovia.com.ar
arroyohondo@nysnet.com.ar
arrunategui_g@hotmail.com
artecarla@hotmail.com
artelufa_85@hotmail.com
artemisa_jim@hotmail.com
artesrocio@hotmail.com
artilujia@hotmail.com
artonypolitino@yahoo.com.ar
arturito1981@hotmail.com
aryzewski@infobae.com
as_vardaro@fullzero.com.ar
asalomon@mendoza.gov.ar
asbendini@yahoo.com.ar
aserdenita@infovia.com.ar
asesora@infovia.com.ar
asesoraenservicios-amee@yahoo.com.ar
asgsbersuit@hotmail.com
ashodge1@hotmail.com
asmet@hotmail.com
asoldati@larazon.com.ar
aspinello2003@yahoo.com.ar
asquillaci@hotmail.com
astilman@turismo.clarin.com.ar
asuarez@gmail.com
atlanticponce@aol.com
atm42@hotmail.com
atorinetti@arlinkbbt.com.ar
atueltravel@infovia.com.ar
atuozzo@telefe.com.ar
aubeleonor@hotmail.com
augstinchichillas@hotmail.com
avargas@losandes.com.ar
aveni_mkt@yahoo.com.ar
aventura@clubdecorredores.com
aveta_76@hotmail.com
aviabue@aviabue.org.ar
avruggeri@hotmail.com
avvp5@yahoo.com.ar
ayax_24@hotmail.com
ayb@bonardahotel.com.ar
aye017@hotmail.com
aye_q@hotmail.com
aye_trigo@hotmail.com
ayelen_pares@yahoo.com
ayelenazul@hotmail.com
ayita_87_4@hotmail.com
ayllu@lanet.com.ar
aypviajesyturismo@argentina.com
azapata@losandes.com.ar
azuccardi@familiazuccardi.com
azulbarbera@hotmail.com
azuquiroz@yahoo.com.ar
azzulmarina@hotmail.com
b_len_10@hotmail.com
baby_an_88@hotmail.com
babythebest@hotmail.com
bafumoantonela@hotmail.com
balbistarhotel@arnet.com.ar
ballesteros.mauricio@gmail.com
balogar@hotmail.com
baly_la_loca@hotmail.com
bar_evelia@yahoo.com.ar
barauna_gabriel@hotmail.com
barbara_storey@wundeman-ba.com
barbi548@hotmail.com
barbi_91_2@hotmail.com
barbiebertani@hotmail.com
barbiemuriel@hotmail.com
barbiieh91@hotmail.com
barbimp6@hotmail.com
barbyjorq@hotmail.com
barnyguille@yahoo.com
barnyguille@yahoo.com.ar
barriosharcore@gmail.com
barrosjonathan@hotmail.com
basa_21@hotmail.com
basabe@hotmail.com
basilepedro@yahoo.com.ar
baudraccosilvina@yahoo.com.ar
bbocalandro@hotmail.com
bcavagnaro@fca.uncu.edu.ar
bcrazy_86@hotmail.com
be.lumarin@hotmail.com
bealbert@nysnet.com.ar
beatrizcabrera@speedy.com.ar
beatrizmimunoz@hotmail.com
beatrizredruello@yahoo.com.ar
bebotino_08@hotmail.com
bebush_13@hotmail.com
bechu22@yahoo.com.ar
begrpe@homail.com
begrpe@hotmail.com
beki259@hotmail.com
beku_la25@hotmail.com
bel16_co@hotmail.com
bele_lamoro@hotmail.com
belen_giorgio@yahoo.com.ar
belen_guby@hotmail.com
belen_morales84@hotmail.com
belen_villarroel_v@hotmail.com
belenak@hotmail.com
belenamerio@hotmail.com
belencaila9999@hotmail.com
belencita_mza@hotmail.com
belengattari@hotmail.com
belengor@hotmail.com
beleniribarren@hotmail.es
belenlopez79@yahoo.com.ar
belenmora@yahoo.com.ar
belenvasconcelos@hotmail.com
belenvidesyvinos@gmail.com
belenyoma@hotmail.com
belfigueroa86@gmail.com
beli_578@hotmail.com
belieduz@yahoo.com
belita82@hotmail.com
belu_chef@hotmail.com
belu_jabiby@hotmail.com
belu_la_chinita@hotmail.com
belu_lacaritadeangel@hotmail.com
belu_latoty2005@hotmail.com
belu_oller@yahoo.com.ar
belu_russo@yahoo.com
belu_tomba157@hotmail.com
belubest@hotmail.com
belucallejon_89@hotmail.com
belygunner@hotmail.com
benassimonica@hotmail.com
benja8404@hotmail.com
beorcing@hotmail.com
bergera_rh@hotmail.com
bernabexp@gmail.com
bernardaporras@yahoo.com.ar
bernitelli@hotmail.com
berrocalsergio@hotmail.com
bersover@gmail.com
bersuitera_559@hotmail.com
besame_mashin1030@hotmail.com
bessone-viajes@cpsarg.com
betancourtrafting@hotmail.com
betina07mo@hotmail.com
betina_cornejo@yahoo.com.ar
betorosales69@hotmail.com
betsabecasado61@hotmail.com
bettyabdala@yahoo.com.ar
bettygalvo@hotmail.com
betybonacorso@yahoo.com.ar
bevilacqua@tutopia.com
bfernandez@cti.com.ar
bga-cruzpiedra@impsat1.com.ar
bgraffigna@hyattintl.com
bhoussay4013@yahoo.com.ar
bianchisebastian@hotmail.com
bibabuzz@hotmail.com
bibi-bruno@hotmail.com
bibian28ar@yahoo.com.ar
bibivenerdini@hotmail.com
bichitodeluz31@hotmail.com
bislun@hotmail.com
bjbrancato@hotmail.com
blackman69_007@hotmail.com
blan_sapo91@hotmail.com
blanco_eliana@hotmail.com
blue_sl14@hotmail.com
bmarianetti@yahoo.com.ar
bnoelia03@hayoo.com.ar
bnoelia03@yahoo.com.ar
bochabustos@hotmail.com
bod.esmeralda@interlink.com.ar
bodega@bodegasrubino.com.ar
bodega@fca.uncu.edu.ar
bodega@leoncioarizu.com.ar
bodegaintihuac@infovia.com.ar
bodegalurton@bodegalurton.com
bodegasterza@yahoo.com.ar
bodeguero_la25@hotmail.com
boehmmo@hotmail.com
boletim@odontologia.com.br
bombal@arnet.com.ar
bombal_soho@hotmail.com
bonafide_martin@yahoo.com.ar
boness2004@yahoo.com.ar
bonetviajes@topmail.com.ar
bonino@cahuellmapu.com
boquitayel10_la12@cabj12.com
boquitayel10_la12@hotmail.com
borgioliariel@hotmail.com
borvoleta@hotmail.com
bostero_loco2003@hotmail.com
boyjusto@datamarkets.com.ar
bq_flopi@hotmail.com
brara69@hotmail.com
breakpoint@arlinkbbt.com.ar
bren_castillo@hotmail.com
brenbu13@hotmail.com
brendac09@hotmail.com
brendaguardia@hotmail.com
brendapuga@gmail.com
brenditalopez@hotmail.com
brenduli@hotmail.com
briherson@yahoo.com.ar
bristol@statics.com.ar
brito-nadal@hotmail.com
browndavid01@hotmail.com
brownie@nysnet.com.ar
brubbbd@hotmail.com
brudy_87@hotmail.com
brunela_zapata@hotmail.com
bruni4x4@infovia.com.ar
brunilda_@hotmail.com
bruno_brc11@hotmail.com
bruno_urra@yahoo.com.ar
brunodallatorre@gmail.com
brunourra@gmail.com
bubu17ar@yahoo.com.ar
buenacepa@fibertel.com.ar
buenanuevag@hotmail.com
buhoscar22@hotmail.com
buljuan@hotmail.com
bunaderflorencia@hotmail.com
bunny20092@hotmail.com
buradvi@yahoo.com.ar
bureaunews@bureaudeprensa.com
burritomangin@yahoo.com.ar
busello@mariano.net.ar
busta1391@hotmail.com
bustos_71@hotmail.com
bustosher@lanet.com.ar
bustosrm@yahoo.com.ar
buyargentina@camargturismo.com.ar
buyi7@yahoo.com.ar
c.l.a.d.d@hotmail.com
c.mossopincolini@gmail.com
c_xilya@hotmail.com
ca96@live.com.ar
cabanassumampa@yahoo.com.ar
cabanasumampa@hotmail.com
cabdelcerro@slatinos.com.ar
cabeza_jero@hotmail.com
cabezonomar79@hotmail.com
cabrerafabi@gmail.com
cabreranorma@hotmail.com
caceresariel@hotmail.com
cachatess@hotmail.com
cachocorrea@gmail.com
cachoespinola@yahoo.com.ar
cachozaporta@yahoo.com.ar
caco2040@hotmail.com
caco2058@hotmail.com
cade74@tutopia.com
cagiorgis@hotmail.com
caguilar@slatinos.com.ar
cahiza@hotmail.com
cahuel@slatinos.com.ar
calle52oeste@yahoo.com.ar
calle_uno@hotmail.com
calzadoslosgallegos@speedy.com.ar
camalito_maki_04@hotmail.com
camarerowalter@hotmail.com
cami_2004_92@hotmail.com
camiferchu@yahoo.com.ar
camila.ortiz22@gmail.com
camila_36mili@hotmail.com
camilainsua@hotmail.com
camilasilbruna@yahoo.com.ar
campingelfestival@yahoo.com.ar
camturmza@speedy.com.ar
camtursanrafael@gmail.com
canal13@arnet.com.ar
canal7@supernet.com.ar
cande003@gmail.com
cande003@hotmail.com
cande_87@hotmail.com
cande_terrero@hotmail.com
candela@gmail.com
candelafe@hotmail.com
cangrejosmt@hotmail.com
canod@snjn3.taranto.com.ar
cantonjimena@yahoo.com.ar
capacitacionmp@mendoza.gov.ar
caperez_ar@yahoo.com
caporri@hotmail.com
caralvarez@yahoo.com.ar
caramelito_391@hotmail.com
caramelito_871@hotmail.com
caramia_01@hotmail.com
carbonellmaria@yahoo.com.ar
carbust@hotmail.com
carcabrera@infovia.com
carcabrera@infovia.com.ar
careltur@hotmail.com
cargerich@norton.com.ar
carilauq@slatinos.com.ar
carin_lapety_484@hotmail.com
carina.gimenez@elsoldiario.com.ar
carina@fuesmen.edu.ar
carinadaniela@speedy.com.ar
carinagiunta@yahoo.com.ar
carinagranados@hotmail.com
carinalara2002@yahoo.com.ar
carinalavayen@yahoo.com.ar
carinarcuri@yahoo.com
carinatibaldi07@yahoo.com.ar
carinaycristian@hotmail.com
cariocap@hotmail.com
carito88_16@hotmail.com
carito_87@hotmail.com
carito_laleprosa@example.com
caritolora@hotmail.com
caritopk@gmail.com
caritosuperstar@hotmail.com
caritovidela87@hotmail.com
carivaliangel@speedy.com.ar
carix_06@hotmail.com
carla0600@hotmail.com
carla8k@hotmail.com
carla_mza23@hotmail.com
carla_pecere@hotmail.com
carla_pr_50@hotmail.com
carla_v.vega@hotmail.com
carlaaveta@hotmail.com
carlacabrera05@hotmail.com
carlacatracchia357@hotmail.com
carlaedunoe@yahoo.com.ar
carlakermen_mza@hotmail.com
carlakorla@hotmail.com
carlaluna20@hotmail.com
carlaperez_sommelier@hotmail.com
carlar_47@hotmail.com
carlasantander22@yahoo.com.ar
carlasoledad15@hotmail.com
carlavalenzuela197@hotmail.com
carlifourcade@infovia.com.ar
carlileg@hotmail.com
carlita.gime@hotmail.com
carlitaromani@hotmail.com
carlitosip@hotmail.com
carlope_26@hotmail.com
carlos.francano@tiscalinet.it
carlos87_m@hotmail.com
carlos@asl.tur.ar
carlos_alberto_463@msn.com
carlos_barbagallo@hotmail.com
carlos_gaia@hotmail.com
carlos_guevaram@hotmail.com
carlos_mza26@yahoo.com.ar
carlos_oviedo@inv.gov.ar
carlos_villarruel@yahoo.com.ar
carlosalbertoheredia@yahoo.com.ar
carlosalejandrosoto@gmail.com
carlosetroglia@speedy.com.ar
carlosgramajo@hotmail.com
carloshidalgo@arnet.com.ar
carlosmario01@hotmail.com
carlosmoretti@hotmail.com
carlosrrpa@yahoo.com.ar
carlosstay@hotmail.com
carlupi_12@hotmail.com
carmen.moreno@itesm.mx
carmencenardo@yahoo.com.ar
carmengbellene@yahoo.com.ar
carmensa171@yahoo.com.ar
carnorsan@hotmail.com
caro3136@hotmail.com
caro_bicho@hotmail.com
caro_larica06@hotmail.com
caro_montalto@hotmail.com
caro_nightforevermcr@hotmail.com
caro_soda@hotmail.com
caroaguerre@hotmail.com
caroaguerre_84@hotmail.com
caroaguirre_73@yahoo.com.ar
carodiazlina@hotmail.com
caroev_14@hotmail.com
carofaure@hotmail.com
carolafurno@gmail.com
carolagomezsaa@yahoo.com.ar
carolalvarez@interesate.com.ar
carolauriente@hotmail.com
carolina.olmedo@brandconnection.com.ar
carolina_blas@flichman.com.ar
carolina_salas@hotmail.com
carolinac77@hotmail.com
carolinacastro397@gmail.com
carolinacastro397@hotmail.com
carolinadiaz906@hotmail.com
carolinaolmedo_7@hotmail.com
carolinarincon67@yahoo.com.ar
carolinasal05@yahoo.com.ar
carolinasal@hotmail.com
carolmelelli@hotmail.com
carolombino@yahoo.com.ar
carolpesek@hotmail.com
caromza1514@hotmail.com
caropc3@hotmail.com
carorubia@yahoo.com.ar
carovip03@hotmail.com
carpediem@hotmail.com
carrizo@hotmail.com
carrochristian25@hotmail.com
cartas@elpais.com.uy
cartaslectores@elddb.com
cartasyopinion@losandes.com.ar
caru_odontologia@yahoo.com.ar
caruchis_28@hotmail.com
castellanoceci@gmail.com
castillo@hotmail.com
castro@hotmail.com
catac_87@hotmail.com
catador@overnet.com.ar
catalan@hotmail.com
catalinagraffigna@hotmail.com
catalinamarchisoe@yahoo.com.ar
catamalia@yahoo.com.ar
catenazapata@interlink.com.ar
catitaespinosa@hotmail.com
cato-claudio@hotmail.com
catupequera_77@hotmail.com
caty_pau10@hotmail.com
caudia1368@hotmail.com
cauquen@ciudad.com.ar
cavasconde@infovia.com.ar
cazzolaoliva@yahoo.com.ar
cba_ths@hotmail.com
cbarraza@mercurio.cl
cbenacot@yahoo.com.ar
cc715@hotmail.com
ccamarda@mendoza.gov.ar
ccapace@aventurasur.com
ccastro@barrick.com
ccastro@mendoza.gov.ar
ccenter@va.ccsi.canon.com
cclomas@hotmail.com
ccolombi@bodegasalentein.com
cdorantonioalcaraz@hotmail.com
cds-mendoz@arnet.com.ar
cdsmendoza@arnet.com.ar
cdvos@hotmail.com
cecelomas@hotmail.com
ceci-gordis-16@hotmail.com
ceci.gatica@hotmail.com
ceci_godiz_16@hotmail.com
cecibrude@yahoo.com.ar
cecigaldamez@hotmail.com
cecil_626@hotmail.com
cecilia.ranua@elsoldiario.com.ar
cecilia1978@gmail.com
cecilia_asensio@hotmail.com
cecilia_benedit@wunderman-ba.com
ceciliaabaca@yahoo.com.ar
ceciliaandreabarzola@yahoo.com.ar
ceciliab_24@hotmail.com
ceciliabr83@yahoo.com.ar
cecilialp@fibertel.com.ar
ceciliapatricia@hotmail.com
ceciliaq28@hotmail.com
cecimulc@gmail.com
cecipel88@hotmail.com
cecirib@hotmail.com
cecisaile@hotmail.com
ceciterranova@hotmail.com
cedricml76@yahoo.com.ar
cegana_11@yahoo.com.ar
cejasj@sancristobal.com.ar
celayez@hotmail.com
cele_mn@hotmail.com
celecastellino@hotmail.com
celella_18@hotmail.com
celemza@hotmail.com
celepizarro@hotmail.com
celes_pepis@hotmail.com
celeste_botter_20@hotmail.com
celestecastellino@yahoo.com.ar
celesteminatti@hotmail.com
celestone_cjs@hotmail.com
celi_arg@hotmail.com
celi_mza15@hotmail.com
celiaastargo@elevediez.com
celiclubsl@gmail.com
celimaffrand_nqn@hotmail.com
celinamelvin_15@hotmail.com
cemb_007@yahoo.com.ar
centrodeingles2000@yahoo.com
centrosinfronteras@yahoo.com.ar
ceo_sommelier63@yahoo.com
ceperalta@gmail.com
ceperezdruetta@yahoo.com.ar
cerealeseldiamante@infovia.com.ar
ceremonial@mendoza.gov.ar
cerroaconcagua@cerroaconcagua.com.ar
cesar_spurs@hotmail.com
cesarandreoni2005@hotmail.com
cesarchaves46@hotmail.com
cesarequiroz@gmail.com
cesia_puntana@hotmail.com
cesol_arg@hotmail.com
cfarina_comunic@yahoo.com
cfgaia@yahoo.com.ar
cfi_eventos@speedy.com.ar
cfichele@yahoo.com
cfuller@bodegasalentein.com
cfvalcarcel@hotmail.com
cgarcia@gmail.com
cgchilmen@speedy.com.ar
cgdt_1@hotmail.com
cgeuna@hotmail.com
cgimenez@elsoldiario.com.ar
cgm_83@hotmail.com
cgodoy@irrigacion.gov.ar
cgomez@grupopenaflor.com.ar
cgp1275@hotmail.com
cguiraldes@hotmail.com
chabrichabri@hotmail.com
chaca008@hotmail.com
chachacha8@hotmail.com
chachi_260@hotmail.com
chalchalera@hotmail.com
chaletbassi@hotmail.com
chalo_666_2@hotmail.com
chanchonaty@hotmail.com
changogol@yahoo.com.ar
chani_283@hotmail.com
chapufusello@hotmail.com
charifsat@hotmail.com
charly_2004mza@hotmail.com
charlychef23@hotmail.com
charlydi@arnet.com.ar
charpalma@gmail.com
chasman834@hotmail.com
chavelacris@yahoo.com.ar
chechilagio@hotmail.com
checho41mza@yahoo.com.ar
checho_manrique07@hotmail.com
chechu14_@hotmail.com
chechu159@hotmail.com
chechu_85@hotmail.com
chechu_mari@yahoo.com.ar
chechuceci189@hotmail.com
chechuchade@hotmail.com
chechumza@hotmail.com
chechux6@hotmail.com
chechy_222@hotmail.com
chefboutique@msn.com
cheflukit@roketmail.com
chelarchelar@yahoo.com.ar
chelerosk8@hotmail.com
chelitofernandez@yahoo.com.ar
chelomerenda@yahoo.com.ar
cheredia@arlink.net.ar
chernandez@artlink.net.ar
chernandez@supernet.com.ar
chezcesar11@hotmail.com
chiaracavall@gmail.com
chicho_anacleto@hotmail.com
chicho_gise@hotmail.com
chicho_minetto@hotmail.com
chichoercoli@hotmail.com
chichon_172@hotmail.com
chichovilla88@hotmail.com
chicon@hotmail.com
chifladaferri@yahoo.com.ar
chika_diablita.bere1@hotmail.com
chily_0017@hotmail.com
chinchilla@hotmail.com
chino_lospulmones@hotmail.com
chipichipo2@hotmail.com
chiqueeta_9@hotmail.com
chiquisuzarte@yahoo.com.ar
chiquitapoblete@yahoo.com.ar
chiri_1987@hotmail.com
chiro_oyeprimate@hotmail.com
chiso_martin@hotmail.com
chispa_romi04@yahoo.com
chivatita-17@hotmail.com
chivi_mza@hotmail.com
chivimendu@hotmail.com
chivimun_85@hotmail.com
chizzo66@hotmail.com
chmagnenat@yahoo.com.ar
chocolateviajes@yahoo.com.ar
chofyz_04@hotmail.com
choguahlh@hotmail.com
cholopaez@arnet.com.ar
chopicartillo@hotmail.com
chopiytas@hotmail.com
chori8_27@hotmail.com
chuchorusso@hotmail.com
chueco_z@hotmail.com
chulex@hotmail.com
churlyarribael10@hotmail.com
cia.damusica@hotmail.com
ciahermanos@speedy.com.ar
ciancioianina@hotmail.com
cicchitti@uncu.edu.ar
cichu2003@yahoo.com.ar
cielitogris@hotmail.com
cienporcientolau@hotmail.com
ciervolaboriosa@hotmail.com
cimarron.cocinaargentina@gmail.com
cimaventura@hotmail.com
cin_cone_17@hotmail.com
cin_vargas@yahoo.com
cin_vargas@yahoo.com.ar
cindy-2805@hotmail.es
cinthi224@hotmail.com
cinthia_angriman@hotmail.com
cinthiaangileri@hotmail.com
cinthiamorales_84@hotmail.com
cinthiboyan@hotmail.com
cinthicaicedo@hotmail.com
cinti_vane_05@hotmail.com
cintia_carbajal@hotmail.com
cintia_ospatrones@hotmail.com
cintia_vis@hotmail.com
cintiabayardi@yahoo.com.ar
cintiabetiana@yahoo.com.ar
cintiadesiva@hotmail.com
cintiaespinoza_23@hotmail.com
cintialeda@live.com.ar
cintiaonetto@yahoo.com.ar
cintiaph_81@hotmail.com
cintiaruminott@hotmail.com
cintiasamoi@yahoo.com.ar
cinty_cga@hotmail.com
circuitonueve@yahoo.com.ar
ciriarte@mendoza.gov.ar
cirsemza@millic.com.ar
cityhotelmendoza@yahoo.com
cjugar@hotmail.com
ckolosow@hotmail.com
clabeabar@yahoo.com.ar
clararcastro@hotmail.com
clari1286@hotmail.com
claribeji6@hotmail.com
clarinete85@hotmail.com
clarisa.lis.r@hotmail.com
clarosa@losandes.com.ar
clary_24_@hotmail.com
clau_sosa70@yahoo.com.ar
claubb_81@hotmail.com
claudia11691@hotmail.com
claudia@ladevi.com.ar
claudia_sole84@hotmail.com
claudiabarroso2004@yahoo.com.ar
claudiacolussi87@hotmail.com
claudiaesgonzalez@yahoo.com.ar
claudiafernandez.2009@hotmail.com
claudiaferrero722@hotmail.com
claudiagarmir@hotmail.com
claudiagcordoba@hotmail.com
claudiagimenez@infovia.com.ar
claudiamartin84@hotmail.com
claudiamlucerov@yahoo.com.ar
claudiapagliarulo@yahoo.com
claudiopereyramoss@yahoo.com
claupa63@hotmail.com
clauvik17@hotmail.com
claux0@hotmail.com
cleguiza@gmail.com
clemos@mendoza.gov.ar
clficarra@yahoo.com.ar
cloquy@gmail.com
clorente@gmail.com
clorophila85@hotmail.com
clperez77@hotmail.com
clubdepescadores@infovia.com.ar
clucero@irrigacion.gov.ar
clucia_05@yahoo.com.ar
clvardaro@gmail.com
cmaingard@arlink.net.ar
cmarincola@hotmail.com
cmartinez@hyattintl.com
cmatta@asatej.com.ar
cmmc78@hotmail.com
cmuros@infovia.com.ar
cnovelli@fcp.uncu.edu.ar
coarex@arnet.com.ar
cocodrilo_410@hotmail.com
cocounpoco@hotmail.com
cocteles17@hotmail.com
codoris@altopalermo.com
codorniu.arg@codorniu.com
cokito.haruko@hotmail.com
coldmax@hotmail.com
colegiom@infovia.com.ar
colo355@hotmail.com
colo_874@hotmail.com
colosamso@hotmail.com
comercial@microtelinn.com.ar
complejo@ayumelum.com
complejo@ayumelun.com
complejo@complejosesma.com.ar
complejoelparador@infovia.com.ar
compucel@123mail.cl
computos@slatinos.com.ar
computoslavalle@hotmail.com
comunicacion@idits.org.ar
comunicalh@supernet.com.ar
comunicativamedios@latinmail.com
conbrasmza@hotmail.com
cone1014@hotmail.com
confiteriacristian@speedy.com.ar
confiteriaproal@aol.com
coni_albani@hotmail.com
coni_canta@hotmail.com
conmivo@yahoo.com.ar
conociendo@supernet.com.ar
constanza@gmail.com
consuelonadal@hotmail.com
consultas@jardinhotel.com
consultorahs@yahoo.com.ar
consultormkt@arnet.com.ar
contacto@dia8.com.ar
contacto@hotelmendoza.com
contacto@pueblo-viejo.com.ar
contactos@casasyestancias.com.ar
contadoramonicarios@hotmail.com
contenidos@rivadavia.com.ar
continen@stactics.com.ar
cooperadoranotti@hotmail.com
cooperadoranotti@yahoo.com.ar
coovital@slatinos.com.ar
copel@infovia.com.ar
coprovimsa@hotmail.com.ar
coqui_pr8@hotmail.com
coquito_tomba666@hotmail.com
coquitotomba666@hotmail.com
coquitssv80@yahoo.com.ar
corazon_98_2008@hotmail.com
cordondelplata@speedy.com.ar
coreutamza@hotmail.com
coriagaston77@yahoo.com
corinabascur@hotmail.com
cornejo_marcela@hotmail.co
cornejo_marcela@hotmail.com
coronelcai@hotmail.com
corralesgus@gmail.com
correacivit@hotmail.com
correafacundo@yahoo.com
correo@revistarumbos.com
correo@revistarumbos.com.ar
correo@solarmaiten.com.ar
correo@viajeamendoza.com
correogabrielasanchez@gmail.com
correomarina@hotmail.com
corresponsaliasur@losandes.com.ar
correveidile@arlinkbbt.com.ar
correveidille@arlinkbbt.com.ar
cortega@elsolmza.com.ar
cortez@hotmail.com
cortez_jonathan@hotmail.com
cortezcarlos@yahoo.com
cortiz@gmail.com
costadelsol@yahoo.com.ar
coti_3264@hotmail.com
cotizaciones@casaroyal.cl
coty_dg@hotmail.com
coty_indiveri@hotmail.com
cotylima@hotmail.com
cotyta_76@hotmail.com
cpattini@yahoo.com
cpattini@yahoo.com.ar
cperlino@elsolmza.com.ar
cpolidori@losandes.com.ar
cpr@arnet.com.ar
crcabello16@hotmail.com
crespojennifer@gmail.com
crey09@hotmail.com
creymundez@lanacion.com.ar
cricardo@mdzviajes.com.ar
cride17@hotmail.com
cripcha@hotmail.com
cris.jirala@gmail.com
crisd1@hotmail.com
crisfaliti@live.com.ar
crispi_pato@hotmail.com
crisriveros@yahoo.com
crisrosselot@hotmail.com
cristi.peralta@hotmail.com
cristian20ar@hotmail.com
cristian_fievet@hotmail.com
cristian_gust46@hotmail.com
cristian_pinol@hotmail.com
cristiandinasso@hotmail.com
cristiangambetta@hotmail.com
cristiangrosso55@hotmail.com
cristianlopez_10@hotmail.com
cristianmolina30@hotmail.com
cristiannebro@yahoo.com.ar
cristianpaz87@hotmail.com
cristiansanchez_38@hotmail.com
cristianweber22@gmail.com
cristianzani2006@hotmail.com
cristina-alguacil@hotmail.com
cristina_dimarco@hotmail.com
cristinaana50@hotmail.com
cristinabftiti@hotmail.com
cristinadegarde@hotmail.com
cristinafaliti@hotmail.com
cristinalvarez02@gmail.com
cristinaviviana2007@yahoo.com.ar
cristinazaneff@hotmail.com
cristisilvestri@hotmail.com
cristizamo@gmail.com
cristobal.colon.store@hotmail.com
cristobal_bau@hotmail.com
cristoortiz10@hotmail.com
cristyjirala@gmail.com
crivelli@hotmail.com
crobleturismo@arlinkbbt.com.ar
crocante@arnet.com.ar
crolstar@hotmail.com
cromano@mendoza.gov.ar
cronicatv@movi.com.ar
crubisnst@arlinkbbt.com.ar
cruci_73@hotmail.com
cruzdepiedra@teletel.com.ar
csartor@datafull.com
csfamdza@infovia.com.ar
ct@ct.com.ar
ctcmgue@infovia.com.ar
ctctyan@latinos.com.ar
ctctyan@slatinos.com.ar
ctobares@gmail.com
ctrad@donapaula.com.ar
cubano_malone@hotmail.com
cucha.2409@hotmail.com
cuchi805@hotmail.com
cuchuback@hotmail.com
cuisine@cuisine.com.ar
cuitino76@gmail.com
cuki_66@hotmail.com
cultura@mendoza.gov.ar
culturagc@yahoo.com.ar
cuqqui@arnet.com.ar
cuyobras@cuyobras.com.ar
cuyonoticias@yahoo.com
cuyotv@lanet.com.ar
cvdelpopolo@hotmail.com
cvinicolacioffi@yahoo.com.ar
cvirg@infovia.com.ar
cvr11102@hotmail.com
cvr11185@hotmail.com
cwagemann@mercurio.cl
cx12@radiooriental.com.uy
cyber9002@gmail.com
cyn_mendoza91@hotmail.com
cynma22@hotmail.com
cynthialeda@live.com.ar
cyntia@gmail.com
cyntianoedias@yahoo.com.ar
cyntu_mega@hotmail.com
cyntuita@hotmail.com
czabala@mendoza.gov.ar
d.o.mamani@gmail.com
d1e9n9i1s@hotmail.com
d_annax@hotmail.com
d_ian_amen@hotmail.com
d_martinez3101@hotmail.com
dacaea@hotmail.com
dad100@alltel.net
dai_1719@hotmail.com
daiabdala@hotmail.com
daialucero_88@hotmail.com
daiana@gmail.com
daiana_a2008@hotmail.com
daianaaramburo@hotmail.com
dal_suarez@hotmail.com
dalekandela@hotmail.com
dalequeva@fmbrava.net.ar
dalty59@yahoo.com
damian.javier.roldan@gmail.com
damian2679@hotmail.com
damian_607@live.com.ar
damianlaprofesia@hotmail.com
damianmura19@gmail.com
damianr_22@hotmail.com
damianricotero_24@hotmail.com
damianspeedunlimited@hotmail.com
damm_10@hotmail.com
dan.agostina@hotmail.com
danacorrado@hotmail.com
dance_sol@hotmail.com
danchu_1605@hotmail.com
danher67@hotmail.com
dani271280@hotmail.com
dani_capadona_87@hotmail.com
dani_menduca@hotmail.com
dani_mza10@hotmail.com
dani_ostro@hotmail.com
dani_pe@hotmail.com
dani_pitu1@hotmail.com
dani_tocino@hotmail.com
danialcalde83@gmail.com
danic_14@hotmail.com
danicadile@hotmail.com
danicardoza@hotmail.com
danicejudo1@hotmail.com
daniel87@live.com.ar
daniel88_20@hotmail.com
daniel_mdz@hotmail.com
daniela-scaccia@hotmail.com
daniela.rossi@silvestremza.com.ar
daniela8879@hotmail.com
daniela_12.91@hotmail.com
daniela_91_balles@hotmail.com
daniela_herrando@hotmail.com
daniela_laleprosa13@hotmail.com
daniela_otroyo@hotmail.com
daniela_quendolo_36@hotmail.com
danielabulos@yahoo.com.ar
danielacuatrin@hotmail.com
danielailquori@yahoo.com.ar
danielancina@yahoo.com.ar
danielapaz01@hotmail.com
danielariosto@infovia.com.ar
danielarturoabregu@gmail.com
danielatho@hotmail.com
danielavila_mza@hotmail.com
danielbeiram@infovia.com.ar
danielcostella@yahoo.com.ar
danieleroticiani@hotmail.com
danielgallardot@yahoo.com.ar
danielita_poo@hotmail.com
danielitalembo@hotmail.com
danielmangiafico@hotmail.com
danielo_elias@yahoo.com.ar
danielrmrz@hotmail.com
danielrossi72@yahoo.com
danielvergara481@hotmail.com
danifernandez17@hotmail.com
daniprisam@hotmail.com
danis_smileforever@hotmail.com
danita4567@hotmail.com
danizanfa@hotmail.com
danmec@hotmail.com
danni_ch@hotmail.com
danny_ch@hotmail.com
dannyb@fibertel.com.ar
danodiaz@hotmail.com
dantecalori@supernet.com.ar
dantedilda@hotmail.com
dantefer_16@yahoo.com.ar
danteheber@yahoo.com.ar
dantonioni@pagofacil.com.ar
danuchan78@yahoo.com.ar
dany19_01@hotmail.com
dany_htb@hotmail.com
danycordoba72@yahoo.com.ar
danytox@gmail.com
daoviedo@hotmail.com
daquino91@hotmail.com
darbas_99@hotmail.com
daril2008@hotmail.es
dario_gaston09@hotmail.com
darioalfieri77@hotmail.com
dariochi77@hotmail.com
dariognr@hotmail.com
darkangel_6952@hotmail.com
darkpoli_555@hotmail.com
darthmanuel@hotmail.com
dasosilo_@hotmail.com
datencio@hotmail.com
david840lopez@yahoo.com.ar
david88her@hotmail.com
david_88nqn@hotmail.comE
david_qu3_28@hotmail.com
davidcastellon_21@hotmail.com
daviddinucci@hotmail.com
davidfm_9@hotmail.com
davidgcaruso@hotmail.com
davidrapaport01@gmail.com
davidregallo73@hotmail.com
davidv@piemza.edu.ar
davidvago@yahoo.com.ar
davidvgg@hotmail.com
day_vaz@yahoo.com.ar
dayi-05@hotmail.com
dayi.22@hotmail.com
dayi_22@hotmail.com
dayiarias@hotmail.com
dayilupi@hotmail.com
dayito_2@hotmail.com
daythebest_04@hotmail.com
dayu_lagorda_92@hotmail.com
daza_2191@hotmail.com
dbelen_21@hotmail.com
dc.rimola@nhhotels.com
dcapuccio@buenosaires.gov.ar
dcelayez@yahoo.com
ddbez@hotmail.com
de_aguero@hotmail.com
de_palmi@hotmail.com
deadstarsgrunge@gmail.com
debbieleslie1@gmail.com
debi_2089@hotmail.com
debi_tonioni@hotmail.com
debirin_7@hotmail.com
debodarcelo@hotmail.com
decero@decero.com
decimowinebar@gmail.com
definapo@hotmail.com
degnidaniela@hotmail.com
deisabatini@yahoo.com.ar
deku@hotmail.com
delallanarodrigo@hotmail.com
delatorregabi2@yahoo.com.ar
delfina_23@hotmail.com
delfosviviana@yahoo.com
delia_ahumada@yahoo.com.ar
deliaahumada@yahoo.com.ar
deliamato@yahoo.es
delicia_celiaca@hotmail.com
deliciamartin@hotmail.com
delorbo@infovia.com.ar
deluquez@yahoo.com.ar
delymza@hotmail.com
demaria_silvia@yahoo.com.ar
demartis@slatinos.com.ar
demebog@hotmail.com
demente_987@hotmail.com
demianparmeggiani@hotmail.com
dena_javi@hotmail.com
denisebonilla93@hotmail.com
deniswitkowski@hotmail.com
denitamaderasrl@speedy.com.ar
depiphanovitch@arnet.com.ar
derechoycine@hotmail.com
desayuno@canal7arg.com.ar
desdelagente@supernet.com.ar
desnivelturismoaventura@yahoo.com.ar
deviaje@supernet.com.ar
dfeltrer@yahoo.com.ar
dfemenias@gmail.com
dfheras@yahoo.com.ar
dfokszek@hotmail.com
dfrenk@dsa.danone.com
dgallardo@losandes.com.ar
dgalvan@elsolmza.com.ar
dge4008@mendoza.edu.ar
dge4024@mendoza.edu.ar
dge4139@mendoza.edu.ar
dge4174@mendoza.edu.ar
dgervasi@argentina.com
dgghigo@cti.com.ar
dgimenez@mendoza.gov.ar
dgscelta@yahoo.com.ar
diaadia@canal7mendoza.com.ar
diana_mza2004@hotmail.com
dianaa@arlinkbbt.com.ar
dianaalexiagomez@gmail.com
dianachiani@yahoo.com.ar
dianura5_3@hotmail.com
diarcuyo@esternet.net.ar
diariolr@satlink.com
diariosanrafael@slatinos.com
diariosanrafael@slatinos.com.ar
diariosanrafael@slotnos.com.ar
diariovirtual@diariovirtual.com
diaz1@hotmail.com
diaz@hotmail.com
diazospitaletche@yahoo.com.ar
die2305@hotmail.com
diego11082005@hotmail.com
diego12ram@hotmail.com
diego2silva@hotmail.com
diego_aldeco_727@hotmail.com
diego_boeris_@hotmail.com
diego_chuave@hotmail.com
diego_fornero@hotmail.com
diego_pele@hotmail.com
diego_qui@hotmail.com
diego_reig@yahoo.com.ar
diego_riveros_3@hotmail.com
diego_ruben21@hotmail.com
diegobisio@hotmail.com
diegocampoo@gmail.com
diegochivo69@hotmail.com
diegoechavarria@hotmail.com
diegofh@yahoo.com
diegogalera03@hotmail.com
diegogalera99@hotmail.com
diegola9_2@hotmail.com
diegomasjuan@hotmail.com
diegomolina_21@hotmail.com
diegopenafiel@yahoo.com
diegosilva88@hotmail.com
diesanchez26@hotmail.com
dilorenzo@hotmail.com
dimarco@hotmail.com
dinamofm@hotmail.com
dinosammito@hotmail.com
dios_del_mate@hotmail.com
dipaolo@xaire.com
diparadiso@yahoo.com.ar
dipierro@arnet.com.ar
direccion_pouget@yahoo.com.ar
dirsalud@ciudaddemendoza.gov.ar
dirturismo@ischigualasto.com
disanto@hotmail.com
dismacor@arnet.com.ar
djgabrielr06@hotmail.com
djpiopro@hotmail.com
dk_maru@hotmail.com
dla1232@gmail.com
dlorefice@yahoo.com.ar
dmarin@ndh.com.ar
dmatem@hotmail.com
doa577@hotmail.com
doblee_fede@hotmail.com
doctorservicio@hotmail.com
dof_2006@hotmail.com
dolium@dolium.com
dolium@dolium.com.ar
dolocaso@hotmail.com
dolojeda@hotmail.com
dolores032@hotmail.com
doloresbonorino@hotmail.com
dom@satlink.com
dominguez.pauladaniela@gmail.com
dominguezaraya@hotmail.com
dominip@ambito.com.ar
domvistalba@infovia.com.ar
donadell@sarmiento.net
donato102@hotmail.com
donato_mario@hotmail.com
dondetopalopandito@yaho.com.ar
donromulo@slatinos.com.ar
dorisandreoni@yahoo.com.ar
dorisnazzardo@yahoo.com.ar
dorrego@donmario.com.ar
dose_iusp@yahoo.com.ar
dossantos43@hotmail.com
dottty2003@yahoo.com.ar
dpc_7@hotmail.com
dperes06@hotmail.com
dponce@bve.com.ar
dpv@supernet.com.ar
dpvitar@yahoo.com.ar
dr.poncedeleon@gmail.com
draacosta@hotmail.com
drakilada@hotmail.com
drareinakotlik@speedy.com.ar
dreamscdgraf@hotmail.com
dresan_funes@hotmail.com
drgutierrezdd@hotmail.com
drimola@hotmail.com
drinking2003@hotmail.com
drnr@mendoza.gov.ar
drosendorn@grupo-mg.com
drp22786@hotmail.com
drp22788@hotmail.com
drsexo_87@hotmail.com
drumstin@hotmail.com
dsdiaz69@yahoo.com.ar
dsmax28@yahoo.com
dsmendoza@adeco.com.ar
duilio_17@hotmail.com
duiliogramajo@hotmail.com
dukeduek@hotmail.com
dulce_190690@hotmail.com
dulcegoncalves_1987@hotmail.com
dulcesilvita@yahoo.com.ar
dulxelito@speedy.com.ar
dundy_dnd100pre@hotmail.com
dvillarruel@gmail.com
dycamza@gmail.com
dzalazar@gmail.com
e_lparadorresto@yahoo.com.ar
e_marinac@hotmail.com
e_peralt@yahoo.com.ar
e_peralta@yahoo.com
e_rey@slatinos.com.ar
eac_8@hotmail.com
eacuna@mendoza.gov.ar
eapereyra@hotmail.com
ebarre@sagypa.minproduccion.gov.ar
ebergomez@infovia.com.ar
ebtayp4025@yahoo.com.ar
ecamendoza@mendoza.com.gov
ecardozo@gmail.com
ecartola@hotmail.com
echualoisi@hotmail.com
echuelmejor@hotmail.com
eclosion2001@hotmail.com
eco@tysmagazine.com
ecologiaynegocios@interlink.com.ar
economaipu@nysnet.com.ar
edelamota@arnet.com.ar
edgardo_marin@yahoo.com.ar
edgardo_zippo@hotmail.com
edicion01@hotmail.com
edinucci@gmail.com
editcopy@infovia.com.ar
editec@aredelvino.com
editecmendoza@speedy.com.ar
editorial_lamanana@arnet.com.ar
editorialcepas@hotmail.com
editorialproyeccion@speedy.com.ar
edos@josemastroeni.com.ar
eduardo_marcel@yahoo.com.ar
eduardoalfredod@yahoo.com.ar
eduardochambard@hotmail.com
eduardodandruiz@yahoo.com.ar
eduardogermansan8@hotmail.com
eduardomans@gmail.com
eduardotere@yahoo.com.ar
eduardoybeba17@hotmail.com
edubayardi@hotmail.com
educacionales@elsoldiario.com.ar
educacionales@losandes.com.ar
eduche89@hotmail.com
eduquia@tutopia.com
eduquiz@tutopia.com
edustango@hotmail.com
edutrucco@hotmail.com
edvideo@slatinos.com.ar
eedloa@infovia.com.ar
eestelamvergara@yahoo.com.ar
efernandez@mendoza.gov.ar
efm23@hotmail.com
efmathus@hotmail.com
efrain_no@hotmail.com
egarciolo@mendoza.gov.ar
egosumriki@gmail.com
ehaist@umaza.edu.ar
eillanes@eso.org
ejalaf@yahoo.com.ar
ejardel@arnet.com.ar
ejavierquinteros@yahoo.com.ar
el-independiente@el-independiente.com.ar
el22_12_mza@hotmail.com
el_angel_ar@hotmail.com
el_barto33@hotmail.com
el_mirador_salteno@arnet.com
elanfitrion@hotmail.es
elbarto1246@gmail.com
elbiad@logos.uncu.edu.ar
elcerno@lanet.com.ar
elcirculohotel@elcirculohotel.com
elcuco@hotmail.com
eldelirantesanrafaelino@hotmail.com
eldiezsj@hotmail.com
electricidadamussi@yahoo.com.ar
electronicalorgirorafa@yahoo.com
eleira@elgourmet.com
elenaliciah@yahoo.com.ar
elenejmoales@hotmail.com
eleonora_aranguren@hotmail.com
elequi16@hotmail.com
eleve10@infovia.com.ar
elfe_02@hotmail.com
elfededelasexta@hotmail.com
elfiestero_18@hotmail.com
elfulgor6@hotmail.com
elgarage@fibertel.com.ar
elgordonestor_colombo@hotmail.com
elgrupo10@hotmail.com
elgustiman@hotmail.com
elhoracito@yahoo.com
eli_princess_7@hotmail.com
eliana_abdala@yahoo.com.ar
eliana_beluf@hotmail.com
eliana_cos_24@hotmail.com
elianacardozo2@hotmail.com
elianaconsina@yahoo.com.ar
elianacosta21@hotmail.com
elianadapra@hotmail.com
elianaiguana@gmail.com
elianaluna@infovia.com.ar
elianamateos19@hotmail.com
elilarubia_20@hotmail.com
elilucerito_666@hotmail.com
elimoglia@yahoo.com.ar
elimont63@hotmail.com
elina_latombina@live.com.ar
elionora@gmail.com
eliordenes@yahoo.com.ar
eliorion@hotmail.com
elipinti@hotmail.com
elis156@hotmail.com
elisabethcivelli@gmail.com
elisabethcruz_174@hotmail.com
elisagaldame@yahoo.com.ar
elisamiguez@hotmail.com
elisolortega@hotmail.com
eliz_demonte@yahoo.com.ar
elizabethdamor@yahoo.com.ar
eljuampiblanco@gmail.com
elkano_06@hotmail.com
ellocomaschi91@hotmail.com
ellysamuks@hotmail.com
elmacuca@hotmail.com
elmembrillar07@hotmail.com
elmilongueromza@yahoo.com.ar
elmonomati02@hotmail.com
elnegrovila@hotmail.com
elobservador@observador.com.uy
elofaro@gmail.com
elopez@diarionorte.com.ar
eloronegro@hotmail.com
elovidela@hotmail.com
elparque@salnet.com.ar
elpatago@satlink.com
elpatiojm@yahoo.com.ar
elpedro_444@hotmail.com
elpichiderodeo@hotmail.com
elprincipito@sion.com
elrafayana@yahoo.com.ar
elreveldeser@hotmail.com
elreydeltelo@yahoo.com.ar
elreysolmauricio@hotmail.com
elrolo13@hotmail.com
elsaceto@yahoo.com.ar
elsahidalgo@hotmail.com
elsamarconi@yahoo.com.ar
elsaucedm@gmail.com
elsayolandacaceres@hotmail.com
elsines_27@yahoo.com.ar
elsosneado@infovia.com.ar
eltinchob@hotmail.com
eltommy_04@hotmail.com
elturcosua@hotmail.com
ely_olivares13@yahoo.com.ar
ema_15_1@hotmail.com
ema_copado_2007@hotmail.com
ema_el_menduco@hotmail.com
ema_mza88@hotmail.com
emaccari@infovia.com.ar
emagerar@hotmail.com
emagus_funebre@hotmail.com
emanico@arlinkbbt.com.ar
emanuel.eim@gmail.com
emanuel_1801@hotmail.com
emanuelramos_1@hotmail.com
emaorsi@hotmail.com
emarcos@gmail.com
emarlia@inelturviajes.com
emasantoni7@hotmail.com
emdo@yahoo..ar
emechacras@yahoo.com.ar
emeneghelli2002@yahoo.com.ar
emeragro@yahoo.com.ar
emi27_29@hotmail.com
emi@cpsarg.com
emi_6_90@hotmail.com
emi_azulgrana88@hotmail.com
emi_bely@yahoo.com.ar
emi_bosterocapo@hotmail.com
emi_ecatombe07@hotmail.com
emi_liebei@hotmail.com
emi_moyano_2@hotmail.com
emiberti@hotmail.com
emidapra@hotmail.com
emifer85@gmail.com
emifernandez2010@yahoo.com.ar
emigas_18@hotmail.com
emiguionbajo@hotmail.com
emilara.89@gmail.com
emilc_21@hotmail.com
emilce406@gmail.com
emilce406@hotmail.com
emilce406@hotmail.com
emilce_90@hotmail.com
emiliaayup@hotmail.com
emiliabutaha_5@hotmail.com
emilianaman@yahoo.es
emiliano.quiroga@hotmail.com
emiliano_fares@hotmail.com
emilianoandres86@hotmail.com
emilianoandres86@yahoo.com.ar
emiliarodari@yahoo.com.ar
emilio_alam87@hotmail.com
eminsat2009@hotmail.com
emiturcato@hotmail.com
emmanuel_gargiulo@hotmail.com
emmanuellopez_7@hotmail.com
emmasaravia@gmail.com
emmi172@hotmail.com
emmyx_1390@hotmail.com
emorales@gmail.com
emoyano@gmail.com
emriron@hotmail.com
emy_lucholove@hotmail.com
enanita_t@hotmail.com
enano_205@hotmail.com
enano_ricotero@hotmail.com
encameros@gmail.com
eneldo4@hotmail.com
enenita@hotmail.com
enet4117@yahoo.com.ar
enj-producciones@hotmail.com
enriron@hotmail.com
enriz@hotmail.com
ensamble_lirico@yahoo.com
enzo_oconer@hotmail.com
enzoaro@yahoo.com.ar
enzolppr@hotmail.com
enzomur@yahoo.com.ar
enzopipo@hotmil.com
eom@terra.com.ar
eorozco@mendoza.gov.ar
epcoty@hotmail.com
epincolini@hyattintl.com
epiulats@hotmail.com
epruiz777@gmail.com
epruiz777@hotmail.com
erchu07@hotmail.com
ericafo80@yahoo.com.ar
ericathebest@hotmail.com
ericatorrisi@hotmail.com
ericavillatoro125@yahoo.com.ar
erickamendez_40@hotmail.com
erifornero_26@hotmail.es
erikamontana@hotmail.com
erikilina@hotmail.com
ermelinda_87@hotmail.com
erneguillot@hotmail.com
erramous@arnet.com.ar
esa_bolu_alcala@hotmail.com
esabato@mendoza.edu.ar
esalas@inelturviajes.com
esarmiento@gmail.com
esc4-113@alnet.com.ar
esc4116@yahoo.com.ar
esc4123@yahoo.com.ar
esc4198@yahoo.com.ar
escarboit@yahoo.com.ar
escnormal9002@yahoo.com.ar
escorihuelaroldan@arnet.com.ar
escribaniapalumbo@gmail.com
escudomendoza@speedy.com.ar
escuela4192saffi@yahoo.com.ar
escuelacroce@hotmail.com
escuelaflorenciocasale@yahoo.com.ar
escuelaint@yahoo.com
esmeralda.arrunategui@gmail.com
espectaculos@dyn.com.ar
espinolaestela@hotmail.com
espositosofi@gmail.com
espositosofi@hotmail.com
essosraf@infovia.com.ar
estanciacon@yahoo.con.ar
estanciancon@yahoo.com.ar
esteban@supernet.com.ar
estebancirujano@hotmail.com
estebaniscar@hotmail.com
estebanrafael2006l@hotmail.com
estebanrolandogonzalez@yahoo.com.ar
estebanw55@hotmail.com
estebanwill55@hotmail.com
estefa_8309@yahoo.com.ar
estefa_91@hotmail.com
estefi098@hotmail.com
estefi_22_23@hotmail.com
estefi_445@hotmail.com
estefi_bersuit_2@hotmail.com
estefi_rxbz@hotmail.com
esteficruciani@hotmail.com
estefy_590@hotmail.com
estefyp89@hotmail.com
estela_ialonso@hotmail.com
estelaelia@hotmail.com
estelaontivero@hotmail.com
estelasdelmar18@hotmail.com
estelasuris@yahoo.com.ar
estercastel@yahoo.com.ar
esthotel@infovia.com.ar
estotrap@hotmail.com
estrabon17@yahoo.com.ar
estrabon71@yahoo.com.ar
estrellademivida@hotmail.com
estrellita_20_88@hotmail.com
estrellita_cfk@hotmail.com
estricta@canal7mendoza.com.ar
estricta@supernet.com.ar
estrugo@hotmail.com
esttefy_12@hotmail.com
estudio@manuelmontilla.com.ar
estudiotosetto@yahoo.com.ar
esty_lomas@hotmail.com
euabbiati@hotmail.com
euge_c20@hotmail.com
euge_esc@hotmail.com
euge_yonofui_15@hotmail.com
eugealvarez8@hotmail.com
eugebatt@hotmail.com
eugeen16@hotmail.com
eugegancia@yahoo.com.ar
eugenia.cala@hotmail.com
eugenia@sincakoch.com
eugeniaalonso@hotmail.com
eugeniaalonso@yahoo.com.ar
eugeniacintolo@hotmail.com
eugenial@gmail.com
eugeniavezzini@hotmail.com
eugetromer@hotmail.com
eugi_menduca_07@hotmail.com
eunicebraud3380@hotmail.com
eureka@lanet.com.ar
eusatur@lanet.com.ar
euyin8@yahoo.com.ar
eva_feat@hotmail.com
eva_garbinski@speedy.com.ar
evabellandi134@hotmail.com
evacf_lumi@hotmail.com
evange.hernandez@hotmail.com
evangelina.berlanga@gmail.com
evangelinaarean@hotmail.com
evel_far19@hotmail.com
evelin_mza@hotmail.com
eveluly_2005@hotmail.com
evelyn_18@hotmail.com
evelyn_burgos84@hotmail.com
evelynavc@gmail.com
evelynrd8@hotmail.com
eventos@bonardhotel.com.ar
eventosdemendoza@hotmail.com
evian_444@hotmail.com
evicita@yahoo.com
evidable49@yahoo.com.ar
evillalobo@yahoo.com.ar
evstrella@hotmail.com
exequielct@hotmail.com
exetama@hotmail.com
expediciones@grajales.net
export@viniterra.com.ar
expresscarmza@hotmail.com
extrapablo@hotmail.com
extrema@arnet.com.ar
extremewolf_86@hotmail.com
extremohof23@hotmail.com
eyanzon@gmail.com
eyanzon@hotmail.com
eze08lp@hotmail.com
ezekielalabart@hotmail.com
ezequiel@prmendoza.com.ar
ezequiel_16_03@hotmail.com
ezeredhot159@hotmail.com
f_a_lucero@hotmail.com
f_javier@cpsarg.com
f_mozo_leiva@hotmail.com
f_sibilla@hotmail.com
fa_quiroga@hotmail.com.ar
fab@engineer.com
fabarredondo@yahoo.com.ar
fabby@speak-english.com.ar
fabbyabel@hotmail.com
fabbyabel@yahoo.com.ar
fabian2006_julio@hotmail.com
fabian_manzur@yahoo.com.ar
fabianapillado@hotmail.com
fabianapucillo@yahoo.com.ar
fabianarosario24@yahoo.com.ar
fabianmusri@hotmail.com
fabianus23@yahoo.com.ar
fabimasera@hotmail.com
fabimasera@hotmail.com.ar
fabiolahz@hotmail.com
fabiolamicheletti@hotmail.com
fabiolopezgarcia@gmail.com
fabriac87@hotmail.com
fabriciovs@yahoo.com.br
fabyrubia@yahoo.com.ar
fabyviney@yahoo.com.ar
facarto@hotmail.com
faccendinicecilia@hotmail.com
facele@hotmail.com
facha_svd@hotmail.com
facu-capo1997@live.com.ar
facu_eragon@hotmail.com
facucacace@hotmail.com
facucacho@yahoo.com.ar
facundo.gomensoro@gmail.com
facundobelardinelli@yahoo.com.ar
facundoflamarique@hotmail.com
facundomgg@yahoo.com.ar
facundoquiros@yahoo.com
facupujol@hotmail.com
facurodri14@hotmail.com
facusassi@hotmail.com
faggiolivio@yahoo.com.ar
fagona@hotmail.com
faicete@hotmail.com
familiairigoyen@infovia.com.ar
familiamiranda@sinectis.com.ar
familyinn@arnet.com.ar
fanglobe@hotmail.com
fania_a_90@yahoo.com.ar
faniaraya_dtam@hotmail.com
fanky_mza@hotmail.com
fannysat@hotmail.com
fanta_85@hotmail.com
fantastico_piru@hotmail.com
fanysaud@yahoo.com.ar
farb_2008@hotmail.com
farinata@hotmail.com
farmayo@speedy.com.ar
farovere@gmail.com
farra.agus@hotmail.com
fasola871@hotmail.com
faviergaston@hotmail.com
fayub@mendoza.gov.ar
fazio@lanet.com.ar
fbarea@arlinkbbt.com.ar
fbarea@bgcomunicacion.com.ar
fbecerra@ct.com.ar
fbrusotti@losandes.com.ar
fcalle@microtelinn.com.ar
fcc3772@yahoo.com.ar
fcoria@gmail.com
fdiaz@inelturviajes.com
fdodds@arnet.com.ar
fecovita@fecovita.com
JLORENAH@HOTMAIL.COM
JMOLINAF@YPF.COM
JORGECHAIVEN12@YAHOO.COM.AR
JOSELUISCM585@HOTMAIL.COM
JUANCHO_MARTIN22@HOTMAIL.COM
JULCHLORENA@YAHOO.COM.AR
KRR3452@HOTMAIL.COM
L-ACTIVO@HOTMAIL.COM
LAKE9000@HOTMAIL.COM
LAMASMARIATERESA@HOTMAIL.COM
LARIOJITA@YAHOO.COM.AR
LA_IDEAL10@HOTMAIL.COM
LEC169@YAHOO.COM.AR
LEONARDOCANDELIERI@HOTMAIL.COM
LILAMORON@YAHOO.COM.AR
LINY_07_@HOTMAIL.COM
LOGERZON@HOTMAIL.COM
LOREANA19@YAHOO.COM.AR
LUCIANA_BOCCIA@YAHOO.COM.AR
LUIGGYARMANDO@HOTMAIL.COM
LUISAROSALES@HOTMAIL.COM
MAGALIARAYA@HOTMAIL.COM
MAIO2077@YAHOO.COM.AR
MARCEDIVA2012@HOTMAIL.COM
MARCELITALONZO@HOTMAIL.COM
MARIELACATALANI@LIVE.COM.AR
MARILESIMON@HOTMAIL.COM
MARITA_MIN@HOTMAIL.COM
MARLAUBLA.2010@HOTMAIL.COM.AR
MARTHAHANDRES@HOTMAIL.COM
MARTINCOLO27@HOTMAIL.COM.AR
MARYALBERDI@HOTMAIL.COM
MAUR1_PE@HOTMAIL.COM
MAVA_130876@HOTMAIL.COM
MAYELUEE@HOTMAIL.COM
MAY_EVELYN@HOTMAIL.COM
MFAVETTI@HOTMAIL.COM
MILI_JORGE@HOTMAIL.COM
MSDELTORO@SPEEDY.COM.AR
MUJICA@YAHOO.COM
MYRTACRIS_55@HOTMAIL.COM
NANCY.B.K@HOTMAIL.COM
NATALIA30_GONZALEZ@HOTMAIL.COM
NATUJORQUERA@HOTMAIL.COM
NAYOLAY-NBA@HOTMAIL.COM
NEGROOLIVA777@HOTMAIL.COM
NICO88V@GMAIL.COM
NIEVASVANE@HOTMAIL.COM
NOELIAGALLELLA@YAHOO.COM.AR
NORITA1908@HOTMAIL.COM
N_G_MONTENEGRO@HOTMAIL.COM
OMARIEL10JEP@HOTMAIL.COM
PABLOCARABANTE@YAHOO.COM.AR
PAOMICELI109@GMAIL.COM
PATRICIADUR@LIVE.COM
PATYTOAHUMADA@HOTMAIL.COM
PAUMICA.LOPEZ@GMAIL.COM
PBLOFMENDOZA@HOTMAIL.COM
PEREZARANALA@HOTMAIL.COM
PEREZJUAREZ@YAHOO.COM.AR
PICHI_652@HOTMAIL.COM.AR
POLICIATURISTICA@MENDOZA.GOV.AR
REMOLQUESANRAFAEL@HOTMAIL.COM
REP_BUSS@HOTMAIL.COM
RICARDOB66@HOTMAIL.COM
RIOPLATENSE_09@HOTMAIL.COM
ROCIO_GALLARDO@HOTMAIL.COM
ROLI_CITTERIO@HOTMAIL.COM
ROMI.MENDOCINA@GMAIL.COM
ROSANADEMARIA@HOTMAIL.COM
ROSSINIDANIELALBERTO@YAHOO.COM.AR
RUBENTROTES@HOTMAIL.COM
RUMAFRALU@YAHOO.COM.AR
SANDRAANSALDO@HOTMAIL.COM
SCILI_SHAGUI@HOTMAIL.COM
SEDAGUERRA@HOTMAIL.COM
SEOFICIARA@HOTMAIL.COM
SERGIOCARBAJAL2003@YAHOO.COM.AR
SHIRE3113@HOTMAIL.COM
SILVANA_99@LIVE.COM.AR
SILVIAFER08@YAHOO.COM.AR
SILVIAP_60@HOTMAIL.COM
SILVYCHIVY_05@HOTMAIL.COM
SOFITROVA@HOTMAIL.COM
TKAZEKYAPUR17@YAHOO.COM.AR
TOTITO_CRANDINA@HOTMAIL.COM
VALENTIN_PANDA78@HOTMAIL.COM
VALERIA.MARTIN08@HOTMAIL.COM
VALE_FAB@HOTMAIL.COM
VEBOTA_22@HOTMAIL.COM
VERO_CASELLI@HOTMAIL.COM
VERO_PRI2005@YAHOO.COM.AR
WALESCA@HOTMAIL.COM
YANEL_LARUBIA@HOTMAIL.COM
YAYA-CLAUDIA@HOTMAIL.COM
ZENDISTRIBUCIONES@HOTMAIL.ES
aa.victor.guerra@hotmail.com
abumagna@hotmail.com
adelamoreiralima@hotmail.com
administracion@acotur.com.ar
administracion@interandes.com.ar
adolforivero@hotmail.com
adrianadutrus@hotmail.com
adrianeaguero@gmail.com
adriantango_75@hotmail.com
agu_fer2004@hotmail.com
agurodriguez88@hotmail.com
albamargarita2011@live.com.ar
ale_172062008@hotmail.com
ale_2014@outlook.com
alejonatan27@hotmail.com
alessi_guillermo@yahoo.com
alexa_1399@hotmail.com
aliciacarinarodriguez@hotmail.com
anapaulaferrandiz@hotmail.com
anapaulawauters@hotmail.com.ar
anavujic@speedy.com.ar
andreaccasado@hotmail.com
andres_abm10@hotmail.com
andres_frias88@hotmail.com
andresciotti@hotmail.com
angelicalaulo@hotmail.com
animov@hotmail.com
ansaldo.sandra@gmail.com
ariel.testeri@diariouno.net.ar
arieljorgeguzmanboguzcki@yahoo.com
arqdbluna@hotmail.com
artesano_cart@yahoo.com.ar
axel_3000_7@hotmail.com
bertinhoracio@yahoo.com.ar
bibliascuyo@hotmail.com
bircio@flechamail.com
brenda_isgro@hotmail.com
canzoategui@diariouno.net.ar
carettidaniel@gmail.com
cargas@infovia.com.ar
carlosmartin1968@hotmail.com
carlosperalta35-35@hotmail.com
carmelaquer@hotmail.com
ccarrisi@yahoo.com.ar
ceciliadepetris@hotmail.com
cecyhidalgo@yahoo.com.ar
celestefino@hotmail.com
celimari56@yahoo.com.ar
cinthiamatilla@hotmail.com
cintiadominguez@live.com.ar
cintiamorales10@gmail.com
cirohector@hotmail.com
claudia-coronado@eciemergencias.com
claudiaarias76@hotmail.com
claudioarusso@hotmail.com
cmeizenq@yahoo.com.ar
cmerinosalati@yahoo.com.ar
consuelocreativa@hotmail.com
contacto@andresponcedeleon.com
cotizacionesbertona@yahoo.com.ar
cristian.aguero025@gmail.com
cristian.ibanez@yahoo.com.ar
cristian08_92@hotmail.com
cristianmonte25@hotmail.com
cseguro_mutual@mendoza.gov.ar
csiergiovani@aconcaguasf.com.ar
daianaabrego@hotmail.com
damian1139@hotmail.com
damills@aconcaguasf.com
danielacorinarodriguez@hotmail.com.ar
dariocastro_2012@hotmail.com
davidortiz@hotmail.com.ar
desparacino@hotmail.com
diasandralbina@hotmail.com
diego.r.miranda@hotmail.com
diego_lo_zano@hotmail.com
distribuidoranavarra@gmail.com
dsosa@tecnogesa.com.ar
eduardosuarez_83@yahoo.com.ar
efar@hotmail.com
elcapo_lopez_2@hotmail.com
elguetamariaelsa@yahoo.com.ar
elizabethalvarez@hotmail.com.ar
elizabethcldrn9@gmail.com
elviragloria.sarmiento@gmail.com
emanuelr86@hotmail.com
emiceci24@gmail.com
emilianorovetta@hotmail.com
enano.aguado@hotmail.com
enrique_luppi05@hotmail.com
eugebrunetti@gmail.com
eve.rivamar@gmail.com
fabian.chiarello@osde.com.ar
fabiolamgimenez@hotmail.com
fabjavier@hotmail.com
fakus88_@hotmail.com
fany.77.bety@hotmail.com
favilucero@hotmail.com
fbrandi@diariouno.net.ar
fer_nico14@live.com.ar
fernando.trad@telefonica.com
fkanefsck@hotmail.com
flacapiata@hotmail.com
florenciacala_09@hotmail.com
g.camacho5060@gmail.com
gabrielamartina16@gmail.com
gabrielcharco@yahoo.com.ar
gachi_bp59@hotmail.com
germitaleiva@yahoo.com.ar
gferrari@diariouno.net.ar
ggaviola@mendozafiduciaria.com
godoygabriel20@gmail.com
gracielaredondo@hotmail.com
gricenter@yahoo.com.ar
grismancini@hotmail.com
grn_92@hotmail.com
gudeportes@hotmail.com
guilleb_2011@hotmail.com.ar
gusrossignoli@yahoo.com
gustavo.bruna87@gmail.com
gustavocleojret@hotmail.com
gustyriver2013@hotmail.com
herreraasociados@hotmail.com
hilda0713@hotmail.com
himalaya_mza@hotmail.com
hotel.riodiamante@gmail.com
huellasenmacondo@hotmai.com
ifev@live.com.ar
ignis_venti@hotmail.com
ines_mulle@hotmail.com.ar
info@aconcaguasf.com
info@aconconcaguasf.com
info@trilogiamendoza.com.ar
inmobiliariarieffolo@hotmail.com
irustiatusrl@gmail.com
ivanaboggio@gmail.com
jamaya@baggio.com.ar
jardin-estrellitamia@hotmail.com
javiberardo@hotmail.com
javierjefealcaraz@yahoo.com
jemcarteleria@gmail.com
jeniayi18@hotmail.com
jesica@hotmail.com
jimena.sere@gmail.com
joelu_mza_sr@hotmail.com
johana.cruz.8@gmail.com
jolinitareyes_15@hotmail.com.ar
josebrasili52@hotmail.com
joseluisrubio2008@hotmail.com
jrdomenech2003@yahoo.com.ar
juanjose07@yahoo.com.ar
juanlavi71@yahoo.com.ar
juanmaya144@hotmail.com
judithrecabarren@yahoo.com.ar
judithruiz@hotmail.com
juli-pareja@hotmail.com
kaplan.sebastian@supercanal.tv
karina.p.006@gmail.com
karlilo06@hotmail.com
keli_garello@hotmail.com
kiyen2004@yahoo.com.ar
lau2435@hotmail.com.ar
laura-32-mza@hotmail.com
laura.zabala210686@hotmail.com
lauracj@arlinkbdt.com.ar
lauramicarelli@hotmail.com
laurapozo_3@hotmail.com
lic.gabrielaale@yahoo.com.ar
lidiaquintana2009@yahoo.com.ar
ljbarbato@gimail.com
llanos.marcos1@gmail.com
lmsotomayor@gmail.com
logrosindustrial@yahoo.com.ar
lospedraza@yahoo.com.ar
lpw_slay@hotmail.com
ltomba@mendoza.gob.ar
lucas.paz@diariouno.net.ar
lucia-28156@hotmail.com.ar
luciana.andreozzi@vale.com
luisarosales@hotmail.com
luismusri@grupocoopdelplata.com.ar
luna310754@yahoo.com.ar
lureynoso@yahoo.com.ar
m_mariadelcarmenlopez@hotmail.com
mabelozorio@hotmail.com
macky_titi@hotmail.com
malvina@infovia.com.ar
marcelocarlosayala71@yahoo.com.ar
marceloearaya@yahoo.com.ar
marceloescayol@gmail.com
mariajose_pretel@hotmail.com
mariajulia.sassi@gmail.com
marian2905@yahoo.com.ar
mariana.palazzi@diariouno.net.ar
mariangela.brandani@hotmail.com
marielaandreaventeo@hotmail.com
marinatrape@yahoo.com.ar
marisa385@hotmail.com
marite_cantoscampos@hotmail.com
marthalopez26@hotmail.com
martin.a.balmaceda@gmail.com
martincolo27@yahoo.com.ar
martinezcintia26@gmail.com
marufajardo@hotmail.com
mary-sosa1@hotmail.com
mary.villarroel@yahoo.com.ar
matiasbernardeau@gmail.com
matungo@hotmail.com.ar
mbvidela1222@hotmail.com
mcristinaoviedo@hotmail.com
mdg999009@yahoo.com.ar
mdmoli@yahho.com.ar
mec.caballero@gmail.com
mechymiranda@gmail.com
melinaceballos5602@gmial.com
menahoracio@hotmail.com
merendaelectricidad@yahoo.com.ar
mfstaiti@ciudadanodiario.com.ar
mhdeportes04@yahoo.com.ar
miguelangelgarcia40@hotmail.com
miguelbrahim@homail.com
milocurafabi@hotmail.com.ar
miriambalmaceda@hotmail.com
mirileo26@gmail.com.ar
mmoreira.diariouno@gmail.com
monialmuna@hotmail.com
monicargijon@yahoo.com.ar
monicarubio1@hotmail.com
monirock77@yahoo.com.ar
monte.cristo@live.com.ar
morocha4091@hotmail.com
mpm@yahoo.com.ar
mrg101198@hotmail.com
mutualnuevorumbomza@hotmail.com
myriambou@yahoo.com.ar
mzamedical@gmail.com
nCARO_922010@HOTMAIL.COM
nadiagabriele@hotmail.com.ar
nataliceballos2@hotmail.com
natamoyano@hotmail.com
natitatutu74@hotmail.com
nazaleproso@hotmail.com
ncuello@diariouno.net.ar
nddiaz@rsaacg.com.ar
nesjerez22@hotmail.com
nkioscocacho@yahoo.com.ar
noeliasoledad.gallella@gmail.com
normaliliana@live.com.ar
nrodriguez@sanrafael.gov.ar
oliva-malbee@yahoo.com.ar
omarcaserio@hotmail.com
oscarmarcelovaldivia@yahoo.com.ar
osvalxtr@yahoo.com.ar
pablo.benavides@bbvafrances.com.ar
pablo.filizzola@gmail.com
pablo_sanrafael@hotmail.com
pabloerquiaga@gmail.com
pabloulloa1@hotmail.com
pallero.pedro123@gmail.com
palma.alberto46@gmail.com
pamelajofre07@yahoo.com.ar
panaderialequalite@gmail.com
paogranizo@hotmail.com
paola_561@hotmail.com
paolo_montoya@hotmail.com
patow-angel@hotmail.com
patriciazalazar@hotmail.com
patrimorales1@hotmail.com
paularetta@yahoo.com.ar
pichi_manrique@yahoo.com.ar
plencinakairuz@yahoo.com.ar
pml-garrido@hotmail.com
polyrios2005@hotmail.com
ppico@edemsa.com
princesayeca@hotmail.com
ramirodiaz1991@hotmail.com
raulavenda@hotmail.com
recursosmendoza@yahoo.com.ar
redcolo@yahoo.com.ar
remolujan@hotmail.com
rgdisanto@yahoo.com.ar
rib_2408@hotmail.com
rlobos.diariouno@gmail.com
rodbel5121@hotmail.com
rodolfosfaria@yahoo.com.ar
rolocortellezzi@gmail.com
romeroceli_77@yahoo.com.ar
rominacontre@hotmail.com
ronald@mugeen.com.ar
rosalemos@live.com.ar
rositafernandez@live.com.ar
roxim34@hotmail.com
rperdichizzi@elcaciquesa.com
sancarlos752@hotmail.com
sara-rodriguez@mendoza.gov.ar
savinainfante@hotmail.com
sebas_mv83@yahoo.com
sergioandresmorales@yahoo.com.ar
sergiofredes59@hotmail.com
sergiosedano828@yahoo.com.ar
sermoreno69@hotmail.com
silviamannino@hotmail.com
silviamesa-67@hotmail.com
silvina_gcoelho@yahoo.com.ar
simonbrener1@hotmail.com
sol77_mza@yahoo.com.ar
soledad_basan@hotmail.com
solemaulen@hotmail.com
sosanatalia2011@hotmail.com.ar
streich.isabel@gmail.com
susc@diariouno.net.ar
tincho98@hotmail.com
tulomoran@hotmail.com
valeriagunny@live.com
vanegiraudi@hotmail.com
vanesamontero28@hotmail.com
vcghrj@hotmail.com
vdelarosa11@gmail.com
videla_885@hotmail.com
videla_celeste@yahoo.com
virginiapabate@yahoo.com.ar
viviquin@live.com.ar
walterlobos@yhaoo.com.ar
wortega81@gmail.com
yayelupy_08@hotmail.com
yesicaspinoza@yahoo.com.ar
yllanesalfredo@yahoo.com.ar
yoco_960@hotmail.com
yoepiago@yahoo.com
escuelaint@gmail.com
